[2023-10-03 18:01:28,646] root - INFO - Entered the data ingestion method
[2023-10-03 18:01:28,899] root - INFO - Read the dataset as dataframe
[2023-10-03 18:01:30,564] root - INFO - Created raw_data_path csv
[2023-10-03 18:01:30,564] root - INFO - Stratified train test split initiated
[2023-10-03 18:01:32,306] root - INFO - Data Ingestion is done
[2023-10-03 18:01:32,306] root - INFO - Data Ingestion Completed
[2023-10-03 18:01:32,587] root - INFO - outliers capped on our train data
[2023-10-03 18:01:32,587] root - INFO - outliers capped on our train data
[2023-10-03 18:01:32,603] root - INFO - outliers capped on our train data
[2023-10-03 18:01:32,603] root - INFO - outliers capped on our train data
[2023-10-03 18:01:32,607] root - INFO - outliers capped on our train data
[2023-10-03 18:01:32,607] root - INFO - outliers capped on our train data
[2023-10-03 18:01:32,607] root - INFO - outliers capped on our train data
[2023-10-03 18:01:32,607] root - INFO - outliers capped on our train data
[2023-10-03 18:01:32,619] root - INFO - outliers capped on our train data
[2023-10-03 18:01:32,619] root - INFO - outliers capped on our train data
[2023-10-03 18:01:32,619] root - INFO - outliers capped on our train data
[2023-10-03 18:01:32,619] root - INFO - outliers capped on our train data
[2023-10-03 18:01:32,635] root - INFO - outliers capped on our train data
[2023-10-03 18:01:32,635] root - INFO - outliers capped on our train data
[2023-10-03 18:01:32,635] root - INFO - outliers capped on our train data
[2023-10-03 18:01:32,635] root - INFO - outliers capped on our train data
[2023-10-03 18:01:32,635] root - INFO - outliers capped on our train data
[2023-10-03 18:01:32,650] root - INFO - outliers capped on our train data
[2023-10-03 18:01:32,650] root - INFO - outliers capped on our train data
[2023-10-03 18:01:32,650] root - INFO - outliers capped on our train data
[2023-10-03 18:01:32,650] root - INFO - outliers capped on our train data
[2023-10-03 18:01:32,650] root - INFO - outliers capped on our train data
[2023-10-03 18:01:32,650] root - INFO - outliers capped on our train data
[2023-10-03 18:01:32,666] root - INFO - outliers capped on our train data
[2023-10-03 18:01:32,666] root - INFO - outliers capped on our train data
[2023-10-03 18:01:32,666] root - INFO - outliers capped on our train data
[2023-10-03 18:01:32,666] root - INFO - outliers capped on our test data
[2023-10-03 18:01:32,666] root - INFO - Data Transformation Started
[2023-10-03 18:01:32,666] root - INFO - Numerical columns: ['Cycle', 'OpSet1', 'OpSet2', 'OpSet3', 'SensorMeasure1', 'SensorMeasure2', 'SensorMeasure3', 'SensorMeasure4', 'SensorMeasure5', 'SensorMeasure6', 'SensorMeasure7', 'SensorMeasure8', 'SensorMeasure9', 'SensorMeasure10', 'SensorMeasure11', 'SensorMeasure12', 'SensorMeasure13', 'SensorMeasure14', 'SensorMeasure15', 'SensorMeasure16', 'SensorMeasure17', 'SensorMeasure18', 'SensorMeasure19', 'SensorMeasure20', 'SensorMeasure21', 'Life_Ratio']
[2023-10-03 18:01:32,666] root - INFO - splitting train data into dependent and Independent Features
[2023-10-03 18:01:32,682] root - INFO - splitting test data into dependent and Independent Features
[2023-10-03 18:01:33,054] root - INFO - Data Transformation Completed
[2023-10-03 18:01:33,054] root - INFO - Splitting our data into dependent and independent features
[2023-10-03 18:01:33,054] root - INFO - Report creation started !! 
[2023-10-03 18:01:33,054] root - INFO - Grid search cv started !! 
[2023-10-03 18:01:33,054] root - INFO - Grid search cv fitting started !! 
[2023-10-03 18:26:49,947] root - INFO - fitting completed !! 
[2023-10-03 18:26:57,713] root - INFO - Best model found, Model Name is Random Forest, accuracy Score: 1.0
